[  00000] itlizi cou subs ust
[    0.000000] Initializing cgroup subsys cpu
[    0.000000] Initialing cgroup subsys cpuacct
[    0.000000] Linux version 4.4.0-174-generic (buildd@lcy01-amd64-027) (gcc version 5.4.0 20160609 (Ubuntu 5.4.0-6ubuntu1~16.04.12) ) #204-Ubuntu SMP Wed Jan 29 06:41:01 UTC 2020 (Ubuntu 4.4.0-174.204-generic 4.4.211)
[    0.000000] Command line: BOOT_IMAGE=/boot/vmlinuz-4.4.0-174-generic root=UUID=9a1a8d29-b5c9-413e-8df3-b383713aeaa0 ro console=tty1 console=ttyS0
[    0.000000] KERNEL supported cpus:
[    0.000000]   Intel GenuineIntel
[    0.000000]   AMD AuthenticAMD
[    0.000000]   CentauCetaurul
[   0000]x86/u:stte_ose2]  57 xat_siz[2  56
  .00000x8fp: SuorngXSAVfeur 0x0 'x87 flatinpot egisrs
[   0000]x86/fp SpotingSA fature 02'SE rests'
[  0.000000] x86/fpu: Supporting XSAVE feature 0x04: 'AVX registers'
[    0.000000] x86/fpu: Enabled xstate features 0x7, context size is 832 bytes, using 'standard' format.
[    0.000000] e820: BIOS-provided physical RAM map:
[    0.000000] BIOS-e820: [mem 0x0000000000000000-0x000000000009fbff] usable
[    0.000000] BIOS-e820: [mem 0x000000000009fc00-0x000000000009ffff] reserved
[    0.000000] BIOS-e820: [mem 0x00000000000f0000-0x00000000000fffff] reserved
[    0.000000] BIOS-e820: [mem 0x0000000000100000-0x000000003ffeffff] usable
[    0.000000] BIOS-e820: [mem 0x000000003fff0000-0x000000003fffffff] ACPI data
[    0.000000] BIOS-e820: [mem 0x00000000fec00000-0x00000000fec00fff] reserved
[    0.000000] BIOS-e820: [mem 0x00000000fee00000-0x00000000fee00fff] reserved
[    0.000000] BIOS-e820: [mem 0x00000000fff0000-0x00000000ffffffff] reserved
[    0.000000] NX (Execute Disable) protection: active
[    0.000000] SMBIOS 2.5 present.
[    0.000000] Hypervisor detected: KVM
[    0.000000] e820: last_pfn = 0x3fff0 max_arch_pfn = 0x400000000
[    0.000000] MTRR: Disabled
[    0.000000] x86/PAT: MTRRs disabled, skipping PAT initialization too.
[    0.000000] CPU MTRRs all blank - virtualized system.
[    0.000000] x86/PAT: Configuration [0-7]: WB  WT  UC- UC  WB  WT  UC- UC  
[    0.000000] found SMP MP-table at [mem 0x0009fff0-0x0009ffff] mapped at [ffff88000009fff0]
[    0.000000] Scanning 1 areas for low memory corruption
[    0.000000] RAMDISK: [mem 0x361cc000-0x370ddfff]
[    0.000000] ACPI: Early table checksum verification disabled
[    0.000000] ACPI: RSDP 0x00000000000E0000 000024 (v02 VBOX  )
[    0.000000] ACPI: XSDT 0x000000003FFF0030 00003C (v01 VBOX   VBOXXSDT 00000001 ASL  00000061)
[    0.000000] ACPI: FACP 0x000000003FFF00F0 0000F4 (v04 VBOX   VBOXFACP 00000001 ASL  00000061)
[    0.000000] ACPI: DSDT 0x000000003FFF0470 0021FF (v02 VBOX   VBOXBIOS 00000002 INTL 20180105)
[    0.000000] ACPI: FACS 0x000000003FFF0200 000040
[    0.000000] ACPI: FACS 0x000000003FFF0200 000040
[    0.000000] ACPI: APIC 0x000000003FFF0240 00005C (v02 VBOX   VBOXAPIC 00000001 ASL  00000061)
[    0.000000] ACPI: SSDT 0x000000003FFF02A0 0001CC (v01 VBOX   VBOXCPUT 00000002 INTL 20180105)
[    0.000000] No NUMA configuration found
[    0.000000] Faking a node at [mem 0x0000000000000000-0x000000003ffeffff]
[    0.000000] NODE_DATA(0) allocated [mem 0x3ffeb000-0x3ffeffff]
[    0.000000] kvm-clock: Using msrs 4b564d01 and 4b564d00
[    0.000000] kvm-clock: cpu 0, msr 0:3ffe3001, primary cpu clock
[    0.000000] kvm-clock: using sched offset of 3100512218 cycles
[    0.000000] clocksource: kvm-clock: mask: 0xffffffffffffffff max_cycles: 0x1cd42e4dffb, max_idle_ns: 881590591483 ns
[    0.000000] Zone ranges:
[    0.000000]   DMA      [mem 0x0000000000001000-0x0000000000ffffff]
[    0.000000]   DMA32    [mem 0x0000000001000000-0x000000003ffeffff]
[    0.000000]   Normal   empty
[    0.000000]   Device   empty
[    0.000000] Movable zone start for each node
[    0.000000] Early memory node ranges
[    0.000000]   node   0: [mem 0x0000000000001000-0x000000000009efff]
[    0.000000]   node   0: [mem 0x0000000000100000-0x000000003ffeffff]
[    0.000000] Initmem setup node 0 [mem 0x0000000000001000-0x000000003ffeffff]
[    0.000000] ACPI: PM-Timer IO Port: 0x4008
[    0.000000] IOAPIC[0]: apic_id 2, version 32, address 0xfec00000, GSI 0-23
[    0.000000] ACPI: INT_SRC_OVR (bus 0 bus_irq 0 global_irq 2 dfl dfl)
[    0.000000] ACPI: INT_SRC_OVR (bus 0 bus_irq 9 global_irq 9 low level)
[    0.000000] Using ACPI (MADT) for SMP configuration information
[    0.000000] smpboot: Allowing 2 CPUs, 0 hotplug CPUs
[    0.000000]  PM: Registered nosave memory: [mem 0x00000000-0x00000fff]
[    0.000000] PM: Registered nosave memory: [mem 0x0009f000-0x0009ffff]
[    0.000000] PM: Registered nosave memory: [mem 0x000a0000-0x000effff]
[    0.000000] PM: Registered nosave memory: [mem 0x000f0000-0x000fffff]
[    0.000000] e820: [mem 0x40000000-0xfebfffff] available for PCI devices
[    0.000000] Booting paravirtualized kernel on KVM
[    0.000000] clocksource: refined-jiffies: mask: 0xffffffff max_cycles: 0xffffffff, max_idle_ns: 7645519600211568 ns
[    0.000000] setup_percpu: NR_CPUS:512 nr_cpumask_bits:512 nr_cpu_ids:2 nr_node_ids:1
[    0.000000] PERCPU: Embedded 33 pagespufff88003000 9544r82 31528 0476
[    0000] il1 nelis  Ne orr,obity oungon.  Talpaes: 5791
[  .000000]Pocyone:MA
    0.00] ernecoan line:OOIMGE=/otmlnuz-4.0-4-ener rt=UUID=9a1a8d29-b5c-413e-8df3-b383713aeaa0 ro console=tty1 console=ttyS0
[    0.000000] PID hash table entries: 4096 (order: 3, 32768 bytes)
[    0.000000] Memor 997120K/1048120K available (8626K kernel code, 1336K rwdata, 4032K rodata, 1488K init, 1292K bss, 51000K reserved, 0K cma-reserved)
[    0.000000] SLUB: HWalign=64, Order=0-3, MinObjects=0, CPUs=2, Nodes=1
[    0.000000] Kernel/User page tables isolation: enabled
[    0.000000] Hierarchical RCU implementation.
[    0.000000] 	Build-time austment of leaf fanout to 64.
[    0.000000] 	RCU restricting CPUs from NR_CPUS=512 to nr_cpu_ids=2.
[    0.000000] RCU: Adjusting geometry for rcu_fanout_leaf=64, nr_cpu_ids=2
[    0.000000] NR_IRQS:33024 nr_irqs:440 16
[    0.000000] Console: colour VGA+ 80x25
[    0.000000] console [tty1] enabled
[    0.000000] console [ttyS0] enabled
[    0.000000] tsc: Detected 3696.000 MHz processor
[    2.443859] Calibrating delay loop (skipped) preset value.. 7392.00 BogoMIPS (lpj=14784000)
[    2.444963] pid_max: default: 32768 minimum: 301
[    2.445557] ACPI: Core revision 20150930
[    2.446711] ACPI: 2 ACPI AML tables successfully acquired and loaded
[    2.447588] Security Framework initialized
[    2.448129] Yama: becoming mindful.
[    2.448626] AppArmor: AppArmor initialized
[    2.449221] Dentry cache hash table entries: 131072 (order: 8, 1048576 bytes)
[    2.450439] Inode-cache hash table entries: 65536 (order: 7, 524288 bytes)
[    2.451295] Mount-cache hash table entries: 2048 (order: 2, 16384 bytes)
[    2.452071] Mountpoint-cache hash table entries: 2048 (order: 2, 16384 bytes)
[    2.453167] Initializing cgroup subsys io
[    2.453723] Initializing cgroup subsys memory
[    2.454309] Initializing cgroup subsys devices
[    2.454963] Initializing cgroup subsys freezer
[    2.455557] Initializing cgroup subsys net_cls
[    2.456164] Initializing cgroup subsys perf_event
[    2.456751] Initializing cgroup subsys nnet_prio
[    2.457326] Initializing cgroup subsys hugetlb
[    2.457885] Initializing cgroup subsys pids
[    2.459359] mce: CPU supports 0 MCE banks
[    2.460585] Last level iTLB entries: 4KB 64, 2MB 8, 4MB 8
[    2.462029] Last level dTLB entries: 4KB 64, 2MB 0, 4MB 0, 1GB 4
[    2.463090] Spectre V1 : Mitigation: usercopy/swapgs barriers and __user pointer sanitization
[    2.464196] Spectre V2 : Mitigation: Full generic retpoline
[    2.464873] Spectre V2 : Spectre v2 / SpectreRSB mitigation: Filling RSB on context switch
[    2.465928] Speculative Store Bypass: Vulnerable
[    2.466568] MDS: Mitigation: Clear CPU buffers
[    2.468767] Freeing SMP alternatives memory: 36K
[    2.473104] ftrace: allocating 32305 entries in 127 pages
[    2.511626] smpboot: APIC(0) Converting physical 0 to logical package 0
[    2.614246] smpboot: Max logical packages: 1
[    2.615016] x2apic enabled
[    2.615591] Switched APIC routing to physical x2apic.
[    2.616983] ..TIMER: vector=0x30 apic1=0 pin1=2 apic2=-1 pin2=-1
[    2.725783] APIC calibration not consistent with PM-Timer: 97ms instead of 100ms
[    2.939034] APIC delta adjusted to PM-Timer: 6250175 (6080055)
[    3.113651] smpboot: CPU0: Intel(R) Core(TM) i7-8700K CPU @ 3.70GHz (family: 0x6, model: 0x9e, stepping: 0xa)
[    3.389269] Performance Events: unsupported p6 CPU model 158 no PMU driver, software events only.
[    3.467767] KVM setup paravirtual spinlock
[    3.468909] x86: Booting SMP configuration:
[    3.469465] .... node  #0, CPUs:      #1
[    3.470092] kvm-clock: cpu 1, msr 0:3ffe3041, secondary cpu clock
[    3.471524] mce: CPU supports 0 MCE banks
[    3.473875] x86: Booted up 1 node, 2 CPUs
[    3.474570] smpboot: Total of 2 processors activated (14784.00 BogoMIPS)
[    3.475715] devtmpfs: initialized
[    3.477471] evm: security.selinux
[    3.477979] evm: security.SMACK64
[    3.478496] evm: security.SMACK64EXEC
[    3.479034] evm: security.SMACK64TRANSMUTE
[    3.479575] evm: security.SMACK64MMAP
[    3.480069] evm: security.ima
[    3.480525] evm: security.capability
[    3.481386] clocksource: jiffies: mask: 0xffffffff max_cycles: 0xffffffff, max_idle_ns: 7645041785100000 ns
[    3.482668] futex hash table entries: 512 (order: 3, 32768 bytes)
[    3.483548] pinctrl core: initialized pinctrl subsystem
[    3.484317] RTC time: 15:36:24, date: 02/19/20
[    3.485047] NET: Registered protocol family 16
[    3.497544] cpuidle: using governor ladder
[    3.513515] cpuidle: using governor menu
[    3.517771] PCCT header not found.
[    3.518307] ACPI: bus type PCI registered
[    3.518857] acpiphp: ACPI Hot Plug PCI Controller Driver version: 0.5
[    3.519700] PCI: Using configuration type 1 for base access
[    3.530370] ACPI: Added _OSI(Module Device)
[    3.625184] ACPI: Added _OSI(Processor Device)
[    3.744486] ACPI: Added _OSI(3.0 _SCP Extensions)
[    3.750365] ACPI: Added _OSI(Processor Aggregator Device)
[    3.751494] ACPI: Executed 1 blocks of module-level executable AML code
[    3.753672] ACPI: Interpreter enabled
[    3.754221] ACPI: (supports S0 S5)
[    3.754690] ACPI: Using IOAPIC for interrupt routing
[    3.758487] PCI: Using host bridge windows from ACPI; if necessary, use "pci=nocrs" and report a bug
[    3.761955] ACPI: PCI Root Bridge [PCI0] (domain 0000 [bus 00-ff])
[    3.762697] acpi PNP0A03:00: _OSC: OS supports [ASPM ClockPM Segments MSI]
[    3.763505] acpi PNP0A03:00: _OSC: not requesting OS control; OS requires [ExtendedConfig ASPM ClockPM MSI]
[    3.764928] acpi PNP0A03:00: fail to add MMCONFIG information, can't access extended PCI configuration space under this bridge.
[    3.766514] PCI host bridge to bus 0000:00
[    3.767138] pci_bus 0000:00: root bus resource [io  0x0000-0x0cf7 window]
[    3.767914] pci_bus 0000:00: root bus resource [io  0x0d00-0xffff window]
[    3.768687] pci_bus 0000:00: root bus resource [mem 0x000a0000-0x000bffff window]
[    3.769664] pci_bus 0000:00: root bus resource [mem 0x40000000-0xfdffffff window]
[    3.770623] pci_bus 0000:00: root bus resource [bus 00-ff]
[    3.772352] pci 0000:00:01.1: legacy IDE quirk: reg 0x10: [io  0x01f0-0x01f7]
[    3.779391] pci 0000:00:01.1: legacy IDE quirk: reg 0x14: [io  0x03f6]
[    3.780138] pci 0000:00:01.1: legacy IDE quirk: reg 0x18: [io  0x0170-0x0177]
[    3.781053] pci 0000:00:01.1: legacy IDE quirk: reg 0x1c: [io  0x0376]
[    3.791260] pci 0000:00:07.0: quirk: [io  0x4000-0x403f] claimed by PIIX4 ACPI
[    3.792236] pci 0000:00:07.0: quirk: [io  0x4100-0x410f] claimed by PIIX4 SMB
[    3.795906] ACPI: PCI Interrupt Link [LNKA] (IRQs 5 9 10 *11)
[    3.796983] ACPI: PCI Interrupt Link [LNKB] (IRQs 5 9 *10 11)
[    3.798206] ACPI: PCI Interrupt Link [LNKC] (IRQs 5 *9 10 11)
[    3.799197] ACPI: PCI Interrupt Link [LNKD] (IRQs 5 9 10 *11)
[    3.800200] ACPI: Enabled 2 GPEs in block 00 to 07
[    3.801112] vgaarb: setting as boot device: PCI:0000:00:02.0
[    3.801820] vgaarb: device added: PCI:0000:00:02.0,decodes=io+mem,owns=io+mem,locks=none
[    3.802859] vgaarb: loaded
[    3.803271] vgaarb: bridge control possible 0000:00:02.0
[    3.804131] SCSI subsystem initialized
[    3.804774] ACPI: bus type USB registered
[    3.842332] usbcore: registered new interface driver usbfs
[    3.998062] usbcore: registered new interface driver hub
[    4.100202] usbcore: registered new device driver usb
[    4.243640] PCI: Using ACPI for IRQ routing
[    4.274378] NetLabel: Initializing
[    4.274892] NetLabel:  domain hash size = 128
[    4.275446] NetLabel:  protocols = UNLABELED CIPSOv4
[    4.276355] NetLabel:  unlabeled traffic allowed by default
[    4.277120] amd_nb: Cannot enumerate AMD northbridges
[    4.277783] clocksource: Switched to clocksource kvm-clock
[    4.282653] AppArmor: AppArmor Filesystem Enabled
[    4.283343] pnp: PnP ACPI init
[    4.284305] pnp: PnP ACPI: found 3 devices
[    4.292250] clocksource: acpi_pm: mask: 0xffffff max_cycles: 0xffffff, max_idle_ns: 2085701024 ns
[    4.293374] NET: Registered protocol family 2
[    4.294051] TCP established hash table entries: 8192 (order: 4, 65536 bytes)
[    4.294900] TCP bind hash table entries: 8192 (order: 5, 131072 bytes)
[    4.295656] TCP: Hash tables configured (established 8192 bind 8192)
[    4.296398] UDP hash table entries: 512 (order: 2, 16384 bytes)
[    4.297095] UDP-Lite hash table entries: 512 (order: 2, 16384 bytes)
[    4.297855] NET: Registered protocol family 1
[    4.298421] pci 0000:00:00.0: Limiting direct PCI/PCI transfers
[    4.299164] pci 0000:00:01.0: Activating ISA DMA hang workarounds
[    4.299952] Unpacking initramfs...
[    4.460494] Freeing initrd memory: 15432K
[    4.464387] clocksource: tsc: mask: 0xffffffffffffffff max_cycles: 0x6a8d280fdb9, max_idle_ns: 881591151302 ns
[    4.465932] platform rtc_cmos: registered platform RTC device (no PNP device found)
[    4.467179] Scanning for low memory corruption every 60 seconds
[    4.468313] audit: initializing netlink subsys (disabled)
[    4.469142] audit: type=2000 audit(1582126586.055:1): initialized
[    4.470284] Initialise system trusted keyring
[    4.471197] HugeTLB registered 2 MB page size, pre-allocated 0 pages
[    4.472987] zbud: loaded
[    4.473699] VFS: Disk quotas dquot_6.6.0
[    4.474378] VFS: Dquot-cache hash table entries: 512 (order 0, 4096 bytes)
[    4.475575] squashfs: version 4.0 (2009/01/31) Phillip Lougher
[    4.476610] fuse init (API version 7.23)
[    4.477332] Key type big_key registered
[    4.477973] Allocating IMA MOK and blacklist keyrings.
[    4.479351] Key type asymmetric registered
[    4.480016] Asymmetric key parser 'x509' registered
[    4.480786] Block layer SCSI generic (bsg) driver version 0.4 loaded (major 249)
[    4.481998] io scheduler noop registered
[    4.482642] io scheduler deadline registered (default)
[    4.483449] io scheduler cfq registered
[    4.484140] pci_hotplug: PCI Hot Plug PCI Core version: 0.5
[    4.484983] pciehp: PCI Express Hot Plug Controller Driver version: 0.4
[    4.486038] ACPI: AC Adapter [AC] (on-line)
[    4.486846] input: Power Button as /devices/LNXSYSTM:00/LNXPWRBN:00/input/input0
[    4.488030] ACPI: Power Button [PWRF]
[    4.488673] input: Sleep Button as /devices/LNXSYSTM:00/LNXSLPBN:00/input/input1
[    4.489854] ACPI: Sleep Button [SLPF]
[    4.490591] GHES: HEST is not enabled!
[    4.491274] Serial: 8250/16550 driver, 32 ports, IRQ sharing enabled
[    4.513504] 00:02: ttyS0 at I/O 0x3f8 (irq = 4, base_baud = 115200) is a 16550A
[    4.515368] Linux agpgart interface v0.103
[    4.517405] loop: module loaded
[    4.518317] scsi host0: ata_piix
[    4.519011] scsi host1: ata_piix
[    4.519593] ata1: PATA max UDMA/33 cmd 0x1f0 ctl 0x3f6 bmdma 0xd000 irq 14
[    4.520614] ata2: PATA max UDMA/33 cmd 0x170 ctl 0x376 bmdma 0xd008 irq 15
[    4.521647] libphy: Fixed MDIO Bus: probed
[    4.522346] tun: Universal TUN/TAP device driver, 1.6
[    4.523135] tun: (C) 1999-2004 Max Krasnyansky <maxk@qualcomm.com>
[    4.524072] PPP generic driver version 2.4.2
[    4.524793] ehci_hcd: USB 2.0 'Enhanced' Host Controller (EHCI) Driver
[    4.525747] ehci-pci: EHCI PCI platform driver
[    4.526469] ehci-platform: EHCI generic platform driver
[    4.527276] ohci_hcd: USB 1.1 'Open' Host Controller (OHCI) Driver
[    4.528179] ohci-pci: OHCI PCI platform driver
[    4.528881] ohci-platform: OHCI generic platform driver
[    4.529683] uhci_hcd: USB Universal Host Controller Interface driver
[    4.530748] i8042: PNP: PS/2 Controller [PNP0303:PS2K,PNP0f03:PS2M] at 0x60,0x64 irq 1,12
[    4.532466] serio: i8042 KBD port at 0x60,0x64 irq 1
[    4.533250] serio: i8042 AUX port at 0x60,0x64 irq 12
[    4.534233] mousedev: PS/2 mouse device common for all mice
[    4.535514] rtc_cmos rtc_cmos: rtc core: registered rtc_cmos as rtc0
[    4.536694] input: AT Translated Set 2 keyboard as /devices/platform/i8042/serio0/input/input2
[    4.538260] rtc_cmos rtc_cmos: alarms up to one day, 114 bytes nvram
[    4.538270] i2c /dev entries driver
[    4.538315] device-mapper: uevent: version 1.0.3
[    4.544565] device-mapper: ioctl: 4.34.0-ioctl (2015-10-28) initialised: dm-devel@redhat.com
[    4.544582] ledtrig-cpu: registered to indicate activity on CPUs
[    4.544785] NET: Registered protocol family 10
[    4.544904] NET: Registered protocol family 17
[    4.544911] Key type dns_resolver registered
[    4.545064] registered taskstats version 1
[    4.545073] Loading compiled-in X.509 certificates
[    4.545465] Loaded X.509 cert 'Build time autogenerated kernel key: 2501974cc66248a18f8fa54aaac948a5171f77fb'
[    4.545476] zswap: loaded using pool lzo/zbud
[    4.546534] Key type trusted registered
[    4.548306] Key type encrypted registered
[    4.548308] AppArmor: AppArmor sha1 policy hashing enabled
[    4.548310] ima: No TPM chip found, activating TPM-bypass!
[    4.548313] ima: Allocated hash algorithm: sha1
[    4.548320] evm: HMAC attrs: 0x1
[    4.548483]   Magic number: 8:574:639
[    4.549035] rtc_cmos rtc_cmos: setting system clock to 2020-02-19 15:36:25 UTC (1582126585)
[    4.549082] BIOS EDD facility v0.16 2004-Jun-25, 0 devices found
[    4.549083] EDD information not available.
[    4.681952] Freeing unused kernel memory: 1488K
[    4.685973] Write protecting the kernel read-only data: 14336k
[    4.691921] Freeing unused kernel memory: 1604K
[    4.696071] Freeing unused kernel memory: 64K
Loading, please wait...
starting version[    4.743489] random: systemd-udevd: uninitialized urandom read (16 bytes read, 1 bits of entropy available)
 229
[    4.744610] random: udevadm: uninitialized urandom read (16 bytes read, 1 bits of entropy available)
[    4.744658] random: udevadm: uninitialized urandom read (16 bytes read, 1 bits of entropy available)
[    4.759206] random: udevadm: uninitialized urandom read (16 bytes read, 3 bits of entropy available)
[    4.759267] random: udevadm: uninitialized urandom read (16 bytes read, 3 bits of entropy available)
[    4.759440] random: udevadm: uninitialized urandom read (16 bytes read, 3 bits of entropy available)
[    4.759502] random: udevadm: uninitialized urandom read (16 bytes read, 3 bits of entropy available)
[    4.759564] random: udevadm: uninitialized urandom read (16 bytes read, 3 bits of entropy available)
[    4.759627] random: udevadm: uninitialized urandom read (16 bytes read, 3 bits of entropy available)
[    4.759686] random: udevadm: uninitialized urandom read (16 bytes read, 3 bits of entropy available)
[    4.925099] e1000: Intel(R) PRO/1000 Network Driver - version 7.3.21-k8-NAPI
[    4.925103] Fusion MPT base driver 3.04.20
[    4.925103] Copyright (c) 1999-2008 LSI Corporation
[    4.952367] e1000: Copyright (c) 1999-2006 Intel Corporation.
[    4.960556] AVX2 version of gcm_enc/dec engaged.
[    5.313950] AES CTR mode by8 optimization enabled
[    5.616037] input: ImExPS/2 Generic Explorer Mouse as /devices/platform/i8042/serio1/input/input4
[    5.627749] Fusion MPT SPI Host driver 3.04.20
[    5.924364] e1000 0000:00:03.0 eth0: (PCI:33MHz:32-bit) 02:bf:1c:77:ff:98
[    6.018330] e1000 0000:00:03.0 eth0: Intel(R) PRO/1000 Network Connection
[    6.019930] e1000 0000:00:03.0 enp0s3: renamed from eth0
[    6.021044] mptbase: ioc0: Initiating bringup
[    6.081956] ioc0: LSI53C1030 A0: Capabilities={Initiator}
[    6.246858] scsi host2: ioc0: LSI53C1030 A0, FwRev=00000000h, Ports=1, MaxQ=256, IRQ=20
[    6.362909] scsi 2:0:0:0: Direct-Access     VBOX     HARDDISK         1.0  PQ: 0 ANSI: 5
[    6.368998] scsi target2:0:0: Beginning Domain Validation
[    6.375423] scsi target2:0:0: Domain Validation skipping write tests
[    6.379887] scsi target2:0:0: Ending Domain Validation
[    6.383783] scsi target2:0:0: asynchronous
[    6.388568] scsi 2:0:1:0: Direct-Access     VBOX     HARDDISK         1.0  PQ: 0 ANSI: 5
[    6.394636] scsi target2:0:1: Beginning Domain Validation
[    6.400197] scsi target2:0:1: Domain Validation skipping write tests
[    6.415798] scsi target2:0:1: Ending Domain Validation
[    6.417173] scsi target2:0:1: asynchronous
[    6.422055] sd 2:0:0:0: Attached scsi generic sg0 type 0
[    6.423219] sd 2:0:0:0: [sda] 20971520 512-byte logical blocks: (10.7 GB/10.0 GiB)
[    6.424944] sd 2:0:1:0: Attached scsi generic sg1 type 0
[    6.426013] sd 2:0:1:0: [sdb] 20480 512-byte logical blocks: (10.5 MB/10.0 MiB)
[    6.427608] sd 2:0:0:0: [sda] Write Protect is off
[    6.428524] sd 2:0:1:0: [sdb] Write Protect is off
[    6.429414] sd 2:0:0:0: [sda] Incomplete mode parameter data
[    6.430408] sd 2:0:0:0: [sda] Assuming drive cache: write through
[    6.430420] sd 2:0:1:0: [sdb] Incomplete mode parameter data
[    6.430421] sd 2:0:1:0: [sdb] Assuming drive cache: write through
[    6.437453]  sda: sda1
[    6.438249] sd 2:0:0:0: [sda] Attached SCSI disk
[    6.439725] sd 2:0:1:0: [sdb] Attached SCSI disk
Begin: Loading essential drivers ... [    7.666613] md: linear personality registered for level -1
[    7.669073] md: multipath personality registered for level -4
[    7.671712] md: raid0 personality registered for level 0
[    7.674929] md: raid1 personality registered for level 1
[    7.746585] raid6: sse2x1   gen() 14406 MB/s
[    7.853544] raid6: sse2x1   xor() 10870 MB/s
[    8.118256] raid6: sse2x2   gen() 17812 MB/s
[    8.389954] raid6: sse2x2   xor() 12368 MB/s
[    8.643435] raid6: sse2x4   gen() 22095 MB/s
[    8.713473] raid6: sse2x4   xor() 14108 MB/s
[    8.783468] raid6: avx2x1   gen() 26309 MB/s
[    8.853501] raid6: avx2x2   gen() 32686 MB/s
[    8.922748] raid6: avx2x4   gen() 35532 MB/s
[    8.923447] raid6: using algorithm avx2x4 gen() 35532 MB/s
[    8.924252] raid6: using avx2x2 recovery algorithm
[    8.925926] xor: automatically using best checksumming function:
[    8.965828]    avx       : 30794.000 MB/sec
[    8.967239] async_tx: api initialized (async)
[    8.974616] md: raid6 personality registered for level 6
[    8.975447] md: raid5 personality registered for level 5
[    8.976253] md: raid4 personality registered for level 4
[    8.981496] md: raid10 personality registered for level 10
done.
Begin: Running /scripts/init-premount ... done.
Begin: Mounting root file system ... Begin: Running /scripts/local-top ... done.
Begin: Running /scripts/local-premount ... [    9.003115] Btrfs loaded
Scanning for Btrfs filesystems
done.
Warning: fsck not present, so skipping root file system
[    9.024971] EXT4-fs (sda1): INFO: recovery required on readonly filesystem
[    9.025802] EXT4-fs (sda1): write access will be enabled during recovery
[    9.076292] EXT4-fs (sda1): orphan cleanup on readonly fs
[    9.220924] EXT4-fs (sda1): 8 orphan inodes deleted
[    9.221617] EXT4-fs (sda1): recovery complete
[    9.223122] EXT4-fs (sda1): mounted filesystem with ordered data mode. Opts: (null)
done.
Begin: Running /scripts/local-bottom ... done.
Begin: Running /scripts/init-bottom ... done.
[    9.36700]]sssstedd11:: syseedd 299rrnnning i  yyttmm mode. (+PAM +AUDIT +SELINUX +IMA +APPARMOR +SMACK +SYSVINIT +UTMP +LIBCRYPTSETUP +GCRYPT +GNUTLS +ACL +XZ -LZ4 +SECCOMP +BLKID +ELFUTILS +KMOD -IDN)
[    9.805729] systemd[1]: Detected virtualization oracle.
[    9.806641] systemd[1]: Detected architecture x86-64.

Welcome to [1mUbuntu 16.04.6 LTS[0m!

[    9.811078] systemd[1]: Set hostname to <ubuntu-xenial>.
[   999907483] systemd[1]: Listening on LVM2 metadata daemon socket.
[[0;32m  OK  [0m] Listening on LVM2 metadata daemon socket.
[    9.957180] systemd[1]: Listening on Syslog Socket.
[[0;32m  OK  [0m] Listening on Syslog Socket.
[    9.958758] systemd[1]: Created slice User and Session Slice.
[[0;32m  OK  [0m] Created slice User and Session Slice.
[    9.960244] systemd[1]: Listening on /dev/initctl Compatibility Named Pipe.
[[0;32m  OK  [0m] Listening on /dev/initctl Compatibility Named Pipe.
[    9.961965] systemd[1]: Reached target Swap.
[[0;32m  OK  [0m] Reached target Swap.
[    9.963193] systemd[1]: Listening on udev Kernel Socket.
[[0;32m  OK  [0m] Listening on udev Kernel Socket.
[    9.964715] systemd[1]: Listening on udev Control Socket.
[[0;32m  OK  [0m] Listening on udev Control Socket.
[    9.966274] systemd[1]: Reached target Encrypted Volumes.
[[0;32m  OK  [0m] Reached target Encrypted Volumes.
[    9.967841] systemd[1]: Listening on Journal Socket (/dev/log).
[[0;32m  OK  [0m] Listening on Journal Socket (/dev/log).
[    9.969521] systemd[1]: Started Forward Password Requests to Wall Directory Watch.
[[0;32m  OK  [0m] Started Forward Password Requests to Wall Directory Watch.
[    9.974959] systemd[1]: Listening on LVM2 poll daemon socket.
[[0;32m  OK  [0m] Listening on LVM2 poll daemon socket.
[    9.976474] systemd[1]: Reached target User and Group Name Lookups.
[[0;32m  OK  [0m] Reached target User and Group Name Lookups.
[    9.978339] systemd[1]: Created slice System Slice.
[[0;32m  OK  [0m] Created slice System Slice.
[    9.979865] systemd[1]: Created slice system-serial\x2dgetty.slice.
[[0;32m  OK  [0m] Created slice system-serial\x2dgetty.slice.
[    9.981383] systemd[1]: Reached target Slices.
[[0;32m  OK  [0m] Reached target Slices.
[    9.982585] systemd[1]: Listening on Journal Socket.
[[0;32m  OK  [0m] Listening on Journal Socket.
[    9.993895] systemd[1]: Mounting Huge Pages File System...
         Mounting Huge Pages File System...
[    9.995932] systemd[1]: Mounting Debug File System...
         Mounting Debug File System...
[    9.998862] systemd[1]: Starting Set console keymap...
         Starting Set console keymap...
[   10.000806] systemd[1]: Starting Uncomplicated firewall...
         Starting Uncomplicated firewall...
[   10.002883] systemd[1]: Reached target System Time Synchronized.
[[0;32m  OK  [0m] Reached target System Time Synchronized.
[   10.004922] systemd[1]: Started Trigger resolvconf update for networkd DNS.
[[0;32m  OK  [0m] Started Trigger resolvconf update for networkd DNS.
[   10.007216] systemd[1]: Set up automount Arbitrary Executable File Formats File System Automount Point.
[[0;32m  OK  [0m] Set up automount Arbitrary Executab...ats File System Automount Point.
[   10.010138] systemd[1]: Starting Remount Root and Kernel File Systems...
         Starting Remount Root and Kernel[   10.014320] EXT4-fs (sda1): re-mounted. Opts: (null)
 File Systems...
[   10.021512] systemd[1]: Mounting POSIX Message Queue File System...
         Mounting POSIX Message Queue File System...
[   10.023593] systemd[1]: Starting Create list of required static device nodes for the current kernel...
         Starting Create list of required st... nodes for the current kernel...
[   10.026068] systemd[1]: Listening on Device-mapper event daemon FIFOs.
[[0;32m  OK  [0m] Listening on Device-mapper event daemon FIFOs.
[   10.028632] systemd[1]: Starting Monitoring of LVM2 mirrors, snapshots etc. using dmeventd or progress polling...
         Starting Monitoring of LVM2 mirrors... dmeventd or progress polling...
[   10.031863] systemd[1]: Starting Nameserver information manager...
         Starting Nameserver information manager...
[   10.033874] systemd[1]: Listening on Journal Audit Socket.
[[0;32m  OK  [0m] Listening on Journal Audit Socket.
[   10.035949] systemd[1]: Starting Journal Service...
         Starting Journal Service...
[   10.042140] systemd[1]: Starting Load Kernel Modules...
         Starting Load Kernel Modules...
[   10.044621] systemd[1]: Mounted Huge Pages File System.
[[0;32m  OK  [0[   10.048247] Loading iSCSI transport class v2.0-870.
m] Mounted Huge [   10.449805] iscsi: registered transport (tcp)
Pages File Syste[   10.802282] random: nonblocking pool is initialized
m.
[   11.225955] systemd[1]: Mounted POSIX Message Queue File System.
[[0;32m  OK  [0m] Mounted POSIX Message Queue File System.
[   11.563773] systemd[1]: Mounted Debug File System.
[[0;32m  OK  [0m] Mounted Debug File System.
[   11.565233] systemd[1]: Stareed Journal Service.
[[0;32m  OK  [0m] Started Journal [   11.613308] iscsi: registered transport (iser)
Service.
[[0;32m  OK  [0m] Started Set console keymap.
[[0;32m  OK  [0m] Started Uncomplicated firewall.
[[0;32m  OK  [0m] Started Remount Root and Kernel File Systems.
[[0;32m  OK  [0m] Started Create list of required sta...ce nodes for the current kernel.
[[0;32m  OK  [0m] Started Load Kernel Modules.
[[0;32m  OK  [0m] Started Nameserver information manager.
[[0;32m  OK  [0m] Started LVM2 metadata daemon.
         Mounting FUSE Control File System...
         Starting Apply Kernel Variables...
         Starting Create Static Device Nodes in /dev...
         Starting udev Coldplug all Devices...
         Starting Load/Save Random Seed...
         Starting Flush Journal to Persistent Storage...
[[0;32m  OK  [0m] Mounted FUSE Control File System.
[[0;32m  OK  [0m] Started Apply Kernel Variables.
[[0;32m  OK  [0m] Started Load/Save Random Seed.
[[0;32m  OK  [0m] Started Create Static Device Nodes in /dev.
         Starting udev Kernel Device Manager...
[[0;32m  OK  [0m] Started Flush Journal to Persistent Storage.
[[0;32m  OK  [0m] Started udev Kernel Device Manager.
[[0;32m  OK  [0m] Started udev Coldplug all Devices.
[[0;32m  OK  [0m] Started Dispatch Password Requests to Console Directory Watch.
[[0;32m  OK  [0m] Started Monitoring of LVM2 mirrors,...ng dmeventd or progress polling.
[[0;32m  OK  [0m] Found device /dev/ttyS0.
[[0;32m  OK  [0m] Listening on Load/Save RF Kill Switch Status /dev/rfkill Watch.
[[0;32m  OK  [0m] Reached target Local File Systems (Pre).
[[0;32m  OK  [0m] Reached target Local File Systems.
         Starting LSB: AppArmor initialization...
         Starting Initial cloud-init job (pre-networking)...
         Starting Tell Plymouth To Write Out Runtime Data...
         Starting Create Volatile Files and Directories...
         Starting Set console font and keymap...
[[0;32m  OK  [0m] Started Tell Plymouth To Write Out Runtime Data.
[[0;32m  OK  [0m] Started Create Volatile Files and Directories.
         Starting Update UTMP about System Boot/Shutdown...
[[0;32m  OK  [0m] Started Set console font and keymap.
[[0;32m  OK  [0m] Found device 82540EM Gigabit Ethern...r (PRO/1000 MT Desktop Adapter).
[[0;32m  OK  [0m] Created slice system-getty.slice.
[[0;32m  OK  [0m] Started Update UTMP about System Boot/Shutdown.
[[0;32m  OK  [0m] Started LSB: AppArmor initialization.
[    9.491979] cloud-init[617]: Cloud-init v. 19.3-41-gc4735dd3-0ubuntu1~16.04.1 running 'init-local' at Wed, 19 Feb 2020 15:36:34 +0000. Up 9.33 seconds.
[[0;32m  OK  [0m] Started Initial cloud-init job (pre-networking).
[[0;32m  OK  [0m] Reached target Network (Pre).
[[0;32m  OK  [0m] Started ifup for enp0s3.
         Starting Raise network interfaces...
[[0;32m  OK  [0m] Started Raise network interfaces.
         Starting Initial cloud-init job (metadata service crawler)...
[[0;32m  OK  [0m] Reached target Network.
[   10.323109] cloud-init[976]: Cloud-init v. 19.3-41-gc4735dd3-0ubuntu1~16.04.1 running 'init' at Wed, 19 Feb 2020 15:36:35 +0000. Up 10.16 seconds.
[   10.356354] cloud-init[976]: ci-info: ++++++++++++++++++++++++++++++++++++++Net device info++++++++++++++++++++++++++++++++++++++
[   10.356529] cloud-init[976]: ci-info: +--------+------+----------------------------+---------------+--------+-------------------+
[   10.356620] cloud-init[976]: ci-info: | Device |  Up  |          Address           |      Mask     | Scope  |     Hw-Address    |
[   10.356714] cloud-init[976]: ci-info: +--------+------+----------------------------+---------------+--------+-------------------+
[   10.356807] cloud-init[976]: ci-info: | enp0s3 | True |         10.0.2.15          | 255.255.255.0 | global | 02:bf:1c:77:ff:98 |
[   10.356905] cloud-init[976]: ci-info: | enp0s3 | True | fe80::bf:1cff:fe77:ff98/64 |       .       |  link  | 02:bf:1c:77:ff:98 |
[   10.356996] cloud-init[976]: ci-info: |   lo   | True |         127.0.0.1          |   255.0.0.0   |  host  |         .         |
[   10.357091] cloud-init[976]: ci-info: |   lo   | True |          ::1/128           |       .       |  host  |         .         |
[   10.357186] cloud-init[976]: ci-info: +--------+------+----------------------------+---------------+--------+-------------------+
[   10.357280] cloud-init[976]: ci-info: +++++++++++++++++++++++++++Route IPv4 info++++++++++++++++++++++++++++
[   10.357376] cloud-init[976]: ci-info: +-------+-------------+----------+---------------+-----------+-------+
[   10.357522] cloud-init[976]: ci-info: | Route | Destination | Gateway  |    Genmask    | Interface | Flags |
[   10.357619] cloud-init[976]: ci-info: +-------+-------------+----------+---------------+-----------+-------+
[   10.357719] cloud-init[976]: ci-info: |   0   |   0.0.0.0   | 10.0.2.2 |    0.0.0.0    |   enp0s3  |   UG  |
[   10.357841] cloud-init[976]: ci-info: |   1   |   10.0.2.0  | 0.0.0.0  | 255.255.255.0 |   enp0s3  |   U   |
[   10.358010] cloud-init[976]: ci-info: +-------+-------------+----------+---------------+-----------+-------+
[   10.358106] cloud-init[976]: ci-info: +++++++++++++++++++Route IPv6 info+++++++++++++++++++
[   10.358202] cloud-init[976]: ci-info: +-------+-------------+---------+-----------+-------+
[   10.358297] cloud-init[976]: ci-info: | Route | Destination | Gateway | Interface | Flags |
[   10.358409] cloud-init[976]: ci-info: +-------+-------------+---------+-----------+-------+
[[0;32m  OK  [0m] Started Initial cloud-init job (metadata service crawler).
[   10.358544] cloud-init[976]: ci-info: |   0   |  fe80::/64  |    ::   |   enp0s3  |   U   |
[   10.387850] cloud-init[976]: ci-info: |   3   |   ff00::/8  |    ::   |   enp0s3  |   U   |
[   10.388003] cloud-init[976]: ci-info: +-------+-------------+---------+-----------+-------+
[[0;32m  OK  [0m] Reached target Cloud-config availability.
[[0;32m  OK  [0m] Reached target System Initialization.
[[0;32m  OK  [0m] Listening on UUID daemon activation socket.
[[0;32m  OK  [0m] Started ACPI Events Check.
[[0;32m  OK  [0m] Reached target Paths.
[[0;32m  OK  [0m] Listening on ACPID Listen Socket.
[[0;32m  OK  [0m] Started Message of the Day.
[[0;32m  OK  [0m] Listening on D-Bus System Message Bus Socket.
         Starting Socket activation for snappy daemon.
[[0;32m  OK  [0m] Started Daily apt download activities.
[[0;32m  OK  [0m] Started Daily apt upgrade and clean activities.
         Starting LXD - unix socket.
[[0;32m  OK  [0m] Started Daily Cleanup of Temporary Directories.
[[0;32m  OK  [0m] Reached target Timers.
[[0;32m  OK  [0m] Reached target Network is Online.
         Starting iSCSI initiator daemon (iscsid)...
[[0;32m  OK  [0m] Listening on Socket activation for snappy daemon.
[[0;32m  OK  [0m] Listening on LXD - unix socket.
[[0;32m  OK  [0m] Reached target Sockets.
[[0;32m  OK  [0m] Reached target Basic System.
         Starting LSB: Record successful boot for GRUB...
[[0;32m  OK  [0m] Started FUSE filesystem for LXC.
         Starting System Logging Service...
         Starting OpenBSD Secure Shell server...
[[0;32m  OK  [0m] Started D-Bus System Message Bus.
[[0;32m  OK  [0m] Started Deferred execution scheduler.
         Starting Snappy daemon...
         Starting Accounts Service...
         Starting LSB: MD monitoring daemon...
         Starting /etc/rc.local Compatibility...
         Starting Login Service...
         Starting LXD - container startup/shutdown...
[[0;32m  OK  [0m] Started ACPI event daemon.
[[0;32m  OK  [0m] Started Regular background program processing daemon.
         Starting Virtualbox guest utils...
[[0;32m  OK  [0m] Started System Logging Service.
[[0;32m  OK  [0m] Started iSCSI initiator daemon (iscsid).
[[0;32m  OK  [0m] Started /etc/rc.local Compatibility.
[[0;32m  OK  [0m] Started Login Service.
[[0;32m  OK  [0m] Started OpenBSD Secure Shell server.
[[0;32m  OK  [0m] Started LSB: Record successful boot for GRUB.
[[0;32m  OK  [0m] Started LSB: MD monitoring daemon.
[[0;32m  OK  [0m] Started LXD - container startup/shutdown.
[[0;32m  OK  [0m] Started Virtualbox guest utils.
[[0;32m  OK  [0m] Started Unattended Upgrades Shutdown.
         Starting Authenticate and Authorize Users to Run Privileged Tasks...
         Starting Login to default iSCSI targets...
[[0;32m  OK  [0m] Started Login to default iSCSI targets.
[[0;32m  OK  [0m] Reached target Remote File Systems (Pre).
[[0;32m  OK  [0m] Reached target Remote File Systems.
         Starting Permit User Sessions...
         Starting LSB: automatic crash report generation...
         Starting LSB: daemon to balance interrupts for SMP systems...
         Starting LSB: Set the CPU Frequency Scaling governor to "ondemand"...
[[0;32m  OK  [0m] Started Snappy daemon.
[[0;32m  OK  [0m] Started Permit User Sessions.
[[0;32m  OK  [0m] Started Authenticate and Authorize Users to Run Privileged Tasks.
[[0;32m  OK  [0m] Started Accounts Service.
         Starting Hold until boot process finishes up...
         Starting Terminate Plymouth Boot Screen...
         Starting Wait until snapd is fully seeded...
[[0;32m  OK  [0m] Started LSB: automatic crash report generation.
[[0;32m  OK  [0m] Started LSB: daemon to balance interrupts for SMP systems.
[[0;32m  OK  [0m] Started LSB: Set the CPU Frequency Scaling governor to "ondemand".
[[0;32m  OK  [0m] Started Hold until boot process finishes up.
[[0;32m  OK  [0m] Started Terminate Plymouth Boot Screen.
[[0;32m  OK  [0m] Started Wait until snapd is fully seeded.
         Starting Apply the settings specified in cloud-config...
         Starting Set console scheme...
[[0;32m  OK  [0m] Started Getty on tty1.
[[0;32m  OK  [0m] Started Serial Getty on ttyS0.
[[0;32m  OK  [0m] Reached target Login Prompts.
[[0;32m  OK  [0m] Reached target Multi-User System.
[[0;32m  OK  [0m] Reached target Graphical Interface.
         Starting Update UTMP about System Runlevel Changes...
[[0;32m  OK  [0m] Started Set console scheme.
[[0;32m  OK  [0m] Started Update UTMP about System Runlevel Changes.
[   11.637251] cloud-init[1229]: Cloud-init v. 19.3-41-gc4735dd3-0ubuntu1~16.04.1 running 'modules:config' at Wed, 19 Feb 2020 15:36:36 +0000. Up 11.58 seconds.
[[0;32m  OK  [0m] Started Apply the settings specified in cloud-config.
         Starting Execute cloud user/final scripts...
[   11.912262] cloud-init[1251]: Cloud-init v. 19.3-41-gc4735dd3-0ubuntu1~16.04.1 running 'modules:final' at Wed, 19 Feb 2020 15:36:36 +0000. Up 11.85 seconds.
[   11.985135] cloud-init[1251]: Cloud-init v. 19.3-41-gc4735dd3-0ubuntu1~16.04.1 finished at Wed, 19 Feb 2020 15:36:36 +0000. Datasource DataSourceNoCloud [seed=/dev/sdb][dsmode=net].  Up 11.90 seconds
[[0;32m  OK  [0m] Started Execute cloud user/final scripts.
[[0;32m  OK  [0m] Reached target Cloud-init target.
         Starting Daily apt download activities...
[[0;32m  OK  [0m] Started Daily apt download activities.
         Starting Daily apt upgrade and clean activities...
[[0;32m  OK  [0m] Started Daily apt upgrade and clean activities.

Ubuntu 16.04.6 LTS ubuntu-xenial ttyS0

ubuntu-xenial login: 